<?xml version="1.0" encoding="UTF-8"?>
<testsuite name="com.example.demo.domain.repository.UserRepositoryTest" tests="1" skipped="0" failures="0" errors="0" timestamp="2023-03-23T04:56:10" hostname="bagsang-gyun-ui-MacBookAir.local" time="0.246">
  <properties/>
  <testcase name="유저를_삭제한다()" classname="com.example.demo.domain.repository.UserRepositoryTest" time="0.246"/>
  <system-out><![CDATA[13:56:09.206 [Test worker] DEBUG org.springframework.boot.test.context.SpringBootTestContextBootstrapper - Neither @ContextConfiguration nor @ContextHierarchy found for test class [UserRepositoryTest]: using SpringBootContextLoader
13:56:09.208 [Test worker] DEBUG org.springframework.test.context.support.AbstractContextLoader - Could not detect default resource locations for test class [com.example.demo.domain.repository.UserRepositoryTest]: no resource found for suffixes {-context.xml, Context.groovy}.
13:56:09.209 [Test worker] INFO org.springframework.test.context.support.AnnotationConfigContextLoaderUtils - Could not detect default configuration classes for test class [com.example.demo.domain.repository.UserRepositoryTest]: UserRepositoryTest does not declare any static, non-private, non-final, nested classes annotated with @Configuration.
13:56:09.219 [Test worker] DEBUG org.springframework.boot.test.context.SpringBootTestContextBootstrapper - Using ContextCustomizers for test class [UserRepositoryTest]: [DisableObservabilityContextCustomizer, PropertyMappingContextCustomizer, Customizer, ExcludeFilterContextCustomizer, DuplicateJsonObjectContextCustomizer, MockitoContextCustomizer, TestRestTemplateContextCustomizer]
13:56:09.252 [Test worker] DEBUG org.springframework.context.annotation.ClassPathScanningCandidateComponentProvider - Identified candidate component class: file [/Users/bagsang-gyun/workspace/react-springboot-rest-api/build/classes/java/main/com/example/demo/DemoApplication.class]
13:56:09.253 [Test worker] INFO org.springframework.boot.test.context.SpringBootTestContextBootstrapper - Found @SpringBootConfiguration com.example.demo.DemoApplication for test class com.example.demo.domain.repository.UserRepositoryTest
13:56:09.290 [Test worker] DEBUG org.springframework.boot.test.context.SpringBootTestContextBootstrapper - Using TestExecutionListeners for test class [UserRepositoryTest]: [ServletTestExecutionListener, DirtiesContextBeforeModesTestExecutionListener, ApplicationEventsTestExecutionListener, MockitoTestExecutionListener, DependencyInjectionTestExecutionListener, DirtiesContextTestExecutionListener, TransactionalTestExecutionListener, SqlScriptsTestExecutionListener, EventPublishingTestExecutionListener, RestDocsTestExecutionListener, MockRestServiceServerResetTestExecutionListener, MockMvcPrintOnlyOnFailureTestExecutionListener, WebDriverTestExecutionListener, MockWebServiceServerTestExecutionListener, ResetMocksTestExecutionListener]
13:56:09.291 [Test worker] DEBUG org.springframework.test.context.support.AbstractDirtiesContextTestExecutionListener - Before test class: class [UserRepositoryTest], class annotated with @DirtiesContext [false] with mode [null]

  .   ____          _            __ _ _
 /\\ / ___'_ __ _ _(_)_ __  __ _ \ \ \ \
( ( )\___ | '_ | '_| | '_ \/ _` | \ \ \ \
 \\/  ___)| |_)| | | | | || (_| |  ) ) ) )
  '  |____| .__|_| |_|_| |_\__, | / / / /
 =========|_|==============|___/=/_/_/_/
 :: Spring Boot ::                (v3.0.4)

2023-03-23T13:56:09.417+09:00  INFO 54956 --- [    Test worker] c.e.d.d.repository.UserRepositoryTest    : Starting UserRepositoryTest using Java 18.0.1.1 with PID 54956 (started by bagsang-gyun in /Users/bagsang-gyun/workspace/react-springboot-rest-api)
2023-03-23T13:56:09.418+09:00  INFO 54956 --- [    Test worker] c.e.d.d.repository.UserRepositoryTest    : No active profile set, falling back to 1 default profile: "default"
2023-03-23T13:56:09.665+09:00  INFO 54956 --- [    Test worker] .s.d.r.c.RepositoryConfigurationDelegate : Bootstrapping Spring Data JPA repositories in DEFAULT mode.
2023-03-23T13:56:09.688+09:00  INFO 54956 --- [    Test worker] .s.d.r.c.RepositoryConfigurationDelegate : Finished Spring Data repository scanning in 20 ms. Found 2 JPA repository interfaces.
2023-03-23T13:56:09.864+09:00  INFO 54956 --- [    Test worker] o.hibernate.jpa.internal.util.LogHelper  : HHH000204: Processing PersistenceUnitInfo [name: default]
2023-03-23T13:56:09.889+09:00  INFO 54956 --- [    Test worker] org.hibernate.Version                    : HHH000412: Hibernate ORM core version 6.1.7.Final
2023-03-23T13:56:10.002+09:00  INFO 54956 --- [    Test worker] com.zaxxer.hikari.HikariDataSource       : HikariPool-1 - Starting...
2023-03-23T13:56:10.081+09:00  INFO 54956 --- [    Test worker] com.zaxxer.hikari.pool.HikariPool        : HikariPool-1 - Added connection conn0: url=jdbc:h2:mem:product user=SA
2023-03-23T13:56:10.082+09:00  INFO 54956 --- [    Test worker] com.zaxxer.hikari.HikariDataSource       : HikariPool-1 - Start completed.
2023-03-23T13:56:10.098+09:00  INFO 54956 --- [    Test worker] SQL dialect                              : HHH000400: Using dialect: org.hibernate.dialect.H2Dialect
Hibernate: 
    
    drop table if exists items cascade 
Hibernate: 
    
    drop table if exists users cascade 
Hibernate: 
    
    drop sequence if exists items_seq
Hibernate: 
    
    drop sequence if exists users_seq
Hibernate: create sequence items_seq start with 1 increment by 50
Hibernate: create sequence users_seq start with 1 increment by 50
Hibernate: 
    
    create table items (
       id bigint not null,
        created_at timestamp(6),
        updated_at timestamp(6),
        category varchar(255),
        name varchar(100) not null,
        price integer not null,
        quantity integer not null,
        user_id bigint,
        primary key (id)
    )
Hibernate: 
    
    create table users (
       id bigint not null,
        address varchar(500) not null,
        email varchar(300) not null,
        password varchar(255) not null,
        user_id varchar(50) not null,
        primary key (id)
    )
Hibernate: 
    
    alter table if exists items 
       add constraint UK_mnhl79u3u6jdvutuoeq54stne unique (name)
Hibernate: 
    
    alter table if exists users 
       add constraint UK_6efs5vmce86ymf5q7lmvn2uuf unique (user_id)
Hibernate: 
    
    alter table if exists items 
       add constraint FKft8pmhndq1kntvyfaqcybhxvx 
       foreign key (user_id) 
       references users
2023-03-23T13:56:10.467+09:00  INFO 54956 --- [    Test worker] o.h.e.t.j.p.i.JtaPlatformInitiator       : HHH000490: Using JtaPlatform implementation: [org.hibernate.engine.transaction.jta.platform.internal.NoJtaPlatform]
2023-03-23T13:56:10.471+09:00  INFO 54956 --- [    Test worker] j.LocalContainerEntityManagerFactoryBean : Initialized JPA EntityManagerFactory for persistence unit 'default'
2023-03-23T13:56:10.569+09:00  WARN 54956 --- [    Test worker] JpaBaseConfiguration$JpaWebConfiguration : spring.jpa.open-in-view is enabled by default. Therefore, database queries may be performed during view rendering. Explicitly configure spring.jpa.open-in-view to disable this warning
2023-03-23T13:56:10.812+09:00  INFO 54956 --- [    Test worker] o.s.b.a.h2.H2ConsoleAutoConfiguration    : H2 console available at '/h2-console'. Database available at 'jdbc:h2:mem:product'
2023-03-23T13:56:10.840+09:00  INFO 54956 --- [    Test worker] c.e.d.d.repository.UserRepositoryTest    : Started UserRepositoryTest in 1.53 seconds (process running for 2.016)
Hibernate: 
    select
        next value for users_seq
Hibernate: 
    insert 
    into
        users
        (address, email, password, user_id, id) 
    values
        (?, ?, ?, ?, ?)
Hibernate: 
    delete 
    from
        users 
    where
        id=?
Hibernate: 
    select
        u1_0.id,
        u1_0.address,
        u1_0.email,
        u1_0.password,
        u1_0.user_id 
    from
        users u1_0
]]></system-out>
  <system-err><![CDATA[]]></system-err>
</testsuite>
